0 info it worked if it ends with ok
1 verbose cli [
1 verbose cli   'C:\\Program Files\\nodejs\\node.exe',
1 verbose cli   'C:\\Program Files\\nodejs\\node_modules\\npm\\bin\\npm-cli.js',
1 verbose cli   'run',
1 verbose cli   'build-css'
1 verbose cli ]
2 info using npm@6.14.6
3 info using node@v12.18.3
4 verbose run-script [ 'prebuild-css', 'build-css', 'postbuild-css' ]
5 info lifecycle Tailwind@1.0.0~prebuild-css: Tailwind@1.0.0
6 info lifecycle Tailwind@1.0.0~build-css: Tailwind@1.0.0
7 verbose lifecycle Tailwind@1.0.0~build-css: unsafe-perm in lifecycle true
8 verbose lifecycle Tailwind@1.0.0~build-css: PATH: C:\Program Files\nodejs\node_modules\npm\node_modules\npm-lifecycle\node-gyp-bin;C:\xampp\htdocs\Tailwind\TailwindTutorial\node_modules\.bin;C:\Users\John Suyang\bin;C:\Program Files\Git\mingw64\bin;C:\Program Files\Git\usr\local\bin;C:\Program Files\Git\usr\bin;C:\Program Files\Git\usr\bin;C:\Program Files\Git\mingw64\bin;C:\Program Files\Git\usr\bin;C:\Users\John Suyang\bin;C:\Windows\system32;C:\Windows;C:\Windows\System32\Wbem;C:\Windows\System32\WindowsPowerShell\v1.0;C:\Windows\System32\OpenSSH;C:\Program Files (x86)\NVIDIA Corporation\PhysX\Common;C:\Program Files\NVIDIA Corporation\NVIDIA NvDLISR;C:\Program Files\nodejs;C:\Program Files\Git\cmd;C:\Program Files\Git\mingw64\bin;C:\Program Files\Git\usr\bin;C:\xampp\php;C:\ProgramData\ComposerSetup\bin;C:\xampp\mysql\bin;C:\Users\John Suyang\AppData\Local\Microsoft\WindowsApps;C:\Users\John Suyang\AppData\Roaming\npm;C:\Users\John Suyang\AppData\Roaming\Composer\vendor\bin;C:\Users\John Suyang\AppData\Local\GitHubDesktop\bin;C:\Program Files\Git\usr\bin\vendor_perl;C:\Program Files\Git\usr\bin\core_perl
9 verbose lifecycle Tailwind@1.0.0~build-css: CWD: C:\xampp\htdocs\Tailwind\TailwindTutorial
10 silly lifecycle Tailwind@1.0.0~build-css: Args: [ '/d /s /c', 'tailwindcss build src/styles.css -o public/styles.css' ]
11 silly lifecycle Tailwind@1.0.0~build-css: Returned: code: 1  signal: null
12 info lifecycle Tailwind@1.0.0~build-css: Failed to exec build-css script
13 verbose stack Error: Tailwind@1.0.0 build-css: `tailwindcss build src/styles.css -o public/styles.css`
13 verbose stack Exit status 1
13 verbose stack     at EventEmitter.<anonymous> (C:\Program Files\nodejs\node_modules\npm\node_modules\npm-lifecycle\index.js:332:16)
13 verbose stack     at EventEmitter.emit (events.js:315:20)
13 verbose stack     at ChildProcess.<anonymous> (C:\Program Files\nodejs\node_modules\npm\node_modules\npm-lifecycle\lib\spawn.js:55:14)
13 verbose stack     at ChildProcess.emit (events.js:315:20)
13 verbose stack     at maybeClose (internal/child_process.js:1021:16)
13 verbose stack     at Process.ChildProcess._handle.onexit (internal/child_process.js:286:5)
14 verbose pkgid Tailwind@1.0.0
15 verbose cwd C:\xampp\htdocs\Tailwind\TailwindTutorial
16 verbose Windows_NT 10.0.18362
17 verbose argv "C:\\Program Files\\nodejs\\node.exe" "C:\\Program Files\\nodejs\\node_modules\\npm\\bin\\npm-cli.js" "run" "build-css"
18 verbose node v12.18.3
19 verbose npm  v6.14.6
20 error code ELIFECYCLE
21 error errno 1
22 error Tailwind@1.0.0 build-css: `tailwindcss build src/styles.css -o public/styles.css`
22 error Exit status 1
23 error Failed at the Tailwind@1.0.0 build-css script.
23 error This is probably not a problem with npm. There is likely additional logging output above.
24 verbose exit [ 1, true ]
